app/modules/servicio-socket/android/build/intermediates/manifest_merge_blame_file/release/processReleaseManifest/manifest-merger-blame-release-report.txt
1<?xml version="1.0" encoding="utf-8"?>
2<manifest xmlns:android="http://schemas.android.com/apk/res/android"
3    package="expo.modules.serviciosocket" >
4
5    <uses-sdk android:minSdkVersion="24" />
6    <!--
7     `dataSync` es el tipo que corresponde: el servicio existe para mantener
8       viva una conexión que sincroniza mensajes. Desde Android 14 el tipo es
9       obligatorio y tiene que coincidir con el que se pasa en startForeground:
10       si no coinciden, el sistema mata el servicio al arrancar.
11    -->
12    <application>
12-->src/main/AndroidManifest.xml:6:3-11:17
13        <service
13-->src/main/AndroidManifest.xml:7:5-10:50
14            android:name="expo.modules.serviciosocket.ServicioEnPrimerPlano"
14-->src/main/AndroidManifest.xml:8:7-44
15            android:exported="false"
15-->src/main/AndroidManifest.xml:9:7-31
16            android:foregroundServiceType="dataSync" />
16-->src/main/AndroidManifest.xml:10:7-47
17    </application>
18
19</manifest>